<?xml version="1.0" encoding="UTF-8"?>
<!-- Generated by org.testng.reporters.JUnitXMLReporter -->
<testsuite ignored="0" hostname="DESKTOP-10E3PP0" failures="1" tests="4" name="Surefire test" time="76.103" errors="0" timestamp="2024-05-02T15:22:51 EDT">
  <testcase classname="WebTechAssignment.tests.TestLogInFunctionality" name="loginPageInvalidCredentials" time="3.368"/>
  <testcase classname="WebTechAssignment.tests.TestLogInFunctionality" name="loginPageValidCredentials" time="3.162"/>
  <testcase classname="WebTechAssignment.tests.TestLogOutFunctionality" name="validateLogOut" time="4.5"/>
  <testcase classname="WebTechAssignment.tests.TestMyInfoFunctionality" name="validateUpdatesOnMyInfo" time="6.073">
    <failure type="org.openqa.selenium.ElementClickInterceptedException" message="element click intercepted: Element &amp;lt;input data-v-1f99f73c=&amp;quot;&amp;quot; data-v-4a95a2e0=&amp;quot;&amp;quot; class=&amp;quot;oxd-input oxd-input--active&amp;quot; placeholder=&amp;quot;yyyy-dd-mm&amp;quot;&amp;gt; is not clickable at point (693, 634). Other element would receive the click: &amp;lt;div data-v-d5bfe35b=&amp;quot;&amp;quot; class=&amp;quot;oxd-form-loader&amp;quot;&amp;gt;...&amp;lt;/div&amp;gt;
  (Session info: chrome=124.0.6367.78)
Build info: version: &amp;apos;4.16.0&amp;apos;, revision: &amp;apos;15400459dd*&amp;apos;
System info: os.name: &amp;apos;Windows 10&amp;apos;, os.arch: &amp;apos;amd64&amp;apos;, os.version: &amp;apos;10.0&amp;apos;, java.version: &amp;apos;21.0.1&amp;apos;
Driver info: org.openqa.selenium.chrome.ChromeDriver
Command: [c8557ce76955e64f7925ee47826bcc03, clickElement {id=f.FE1C907BDF43A79C7BDCDD794AB271C6.d.F34733509AB36EF1DD3CEA292BDBCF58.e.38}]
Capabilities {acceptInsecureCerts: false, browserName: chrome, browserVersion: 124.0.6367.78, chrome: {chromedriverVersion: 124.0.6367.91 (51df0e5e17a8..., userDataDir: C:\Users\DELL\AppData\Local...}, fedcm:accounts: true, goog:chromeOptions: {debuggerAddress: localhost:56780}, networkConnectionEnabled: false, pageLoadStrategy: normal, platformName: windows, proxy: Proxy(), se:cdp: ws://localhost:56780/devtoo..., se:cdpVersion: 124.0.6367.78, setWindowRect: true, strictFileInteractability: false, timeouts: {implicit: 0, pageLoad: 300000, script: 30000}, unhandledPromptBehavior: dismiss and notify, webauthn:extension:credBlob: true, webauthn:extension:largeBlob: true, webauthn:extension:minPinLength: true, webauthn:extension:prf: true, webauthn:virtualAuthenticators: true}
Element: [[ChromeDriver: chrome on windows (c8557ce76955e64f7925ee47826bcc03)] -&amp;gt; xpath: //*[contains(text(),&amp;apos;Date of Birth&amp;apos;)]/parent::div/following-sibling::div//input]
Session ID: c8557ce76955e64f7925ee47826bcc03">
      <![CDATA[org.openqa.selenium.ElementClickInterceptedException: element click intercepted: Element <input data-v-1f99f73c="" data-v-4a95a2e0="" class="oxd-input oxd-input--active" placeholder="yyyy-dd-mm"> is not clickable at point (693, 634). Other element would receive the click: <div data-v-d5bfe35b="" class="oxd-form-loader">...</div>
  (Session info: chrome=124.0.6367.78)
Build info: version: '4.16.0', revision: '15400459dd*'
System info: os.name: 'Windows 10', os.arch: 'amd64', os.version: '10.0', java.version: '21.0.1'
Driver info: org.openqa.selenium.chrome.ChromeDriver
Command: [c8557ce76955e64f7925ee47826bcc03, clickElement {id=f.FE1C907BDF43A79C7BDCDD794AB271C6.d.F34733509AB36EF1DD3CEA292BDBCF58.e.38}]
Capabilities {acceptInsecureCerts: false, browserName: chrome, browserVersion: 124.0.6367.78, chrome: {chromedriverVersion: 124.0.6367.91 (51df0e5e17a8..., userDataDir: C:\Users\DELL\AppData\Local...}, fedcm:accounts: true, goog:chromeOptions: {debuggerAddress: localhost:56780}, networkConnectionEnabled: false, pageLoadStrategy: normal, platformName: windows, proxy: Proxy(), se:cdp: ws://localhost:56780/devtoo..., se:cdpVersion: 124.0.6367.78, setWindowRect: true, strictFileInteractability: false, timeouts: {implicit: 0, pageLoad: 300000, script: 30000}, unhandledPromptBehavior: dismiss and notify, webauthn:extension:credBlob: true, webauthn:extension:largeBlob: true, webauthn:extension:minPinLength: true, webauthn:extension:prf: true, webauthn:virtualAuthenticators: true}
Element: [[ChromeDriver: chrome on windows (c8557ce76955e64f7925ee47826bcc03)] -> xpath: //*[contains(text(),'Date of Birth')]/parent::div/following-sibling::div//input]
Session ID: c8557ce76955e64f7925ee47826bcc03
at org.openqa.selenium.remote.ErrorCodec.decode(ErrorCodec.java:167)
at org.openqa.selenium.remote.codec.w3c.W3CHttpResponseCodec.decode(W3CHttpResponseCodec.java:138)
at org.openqa.selenium.remote.codec.w3c.W3CHttpResponseCodec.decode(W3CHttpResponseCodec.java:50)
at org.openqa.selenium.remote.HttpCommandExecutor.execute(HttpCommandExecutor.java:190)
at org.openqa.selenium.remote.service.DriverCommandExecutor.invokeExecute(DriverCommandExecutor.java:216)
at org.openqa.selenium.remote.service.DriverCommandExecutor.execute(DriverCommandExecutor.java:174)
at org.openqa.selenium.remote.RemoteWebDriver.execute(RemoteWebDriver.java:518)
at org.openqa.selenium.remote.RemoteWebElement.execute(RemoteWebElement.java:223)
at org.openqa.selenium.remote.RemoteWebElement.click(RemoteWebElement.java:76)
at org.openqa.selenium.support.pagefactory.internal.LocatingElementHandler.invoke(LocatingElementHandler.java:51)
at jdk.proxy2/jdk.proxy2.$Proxy25.click(Unknown Source)
at WebTechAssignment.PageObjects.OrangeHrmMyInfoPage.validateDOBisfilled(OrangeHrmMyInfoPage.java:43)
at WebTechAssignment.tests.TestMyInfoFunctionality.validateUpdatesOnMyInfo(TestMyInfoFunctionality.java:30)
at java.base/java.util.ArrayList.forEach(ArrayList.java:1596)
... Removed 35 stack frames]]>
    </failure>
  </testcase> <!-- validateUpdatesOnMyInfo -->
</testsuite> <!-- Surefire test -->
